<?xml version="1.0" encoding="UTF-8"?>
<!-- Generated by org.testng.reporters.JUnitReportReporter -->
<testsuite hostname="DESKTOP-H9JGRTT" failures="0" tests="1" name="com.cjc.dws.webApp.tests.CompleteOrderTest" time="33.460" errors="0" timestamp="2022-11-04T17:25:21 IST" skipped="0">
  <testcase classname="com.cjc.dws.webApp.tests.CompleteOrderTest" name="orderTest" time="33.460"/>
  <system-out/>
</testsuite> <!-- com.cjc.dws.webApp.tests.CompleteOrderTest -->
