<?xml version="1.0" encoding="UTF-8"?>
<!-- Generated by org.testng.reporters.JUnitReportReporter -->
<testsuite hostname="DESKTOP-H9JGRTT" failures="0" tests="2" name="com.cjc.dws.webApp.tests.BookPageTest" time="18.881" errors="0" timestamp="2022-11-04T18:07:15 IST" skipped="0">
  <testcase classname="com.cjc.dws.webApp.tests.BookPageTest" name="booksLogoDisplayed" time="9.601"/>
  <system-out/>
  <testcase classname="com.cjc.dws.webApp.tests.BookPageTest" name="addTheBook" time="9.280"/>
  <system-out/>
</testsuite> <!-- com.cjc.dws.webApp.tests.BookPageTest -->
