<?xml version="1.0" encoding="UTF-8"?>
<!-- Generated by org.testng.reporters.JUnitReportReporter -->
<testsuite hostname="DESKTOP-H9JGRTT" failures="0" tests="1" name="com.cjc.dws.webApp.tests.UserHomePageTest" time="14.248" errors="0" timestamp="2022-11-04T18:07:15 IST" skipped="0">
  <testcase classname="com.cjc.dws.webApp.tests.UserHomePageTest" name="checkDesiredUserLoggedIn" time="14.248"/>
  <system-out/>
</testsuite> <!-- com.cjc.dws.webApp.tests.UserHomePageTest -->
