<?xml version="1.0" encoding="UTF-8"?>
<!-- Generated by org.testng.reporters.JUnitReportReporter -->
<testsuite hostname="DESKTOP-H9JGRTT" failures="0" tests="2" name="com.cjc.dws.webApp.tests.HomePageTest" time="11.583" errors="0" timestamp="2022-11-04T18:07:15 IST" skipped="0">
  <testcase classname="com.cjc.dws.webApp.tests.HomePageTest" name="checkLogo" time="5.567"/>
  <system-out/>
  <testcase classname="com.cjc.dws.webApp.tests.HomePageTest" name="clickOnLogin" time="6.016"/>
  <system-out/>
</testsuite> <!-- com.cjc.dws.webApp.tests.HomePageTest -->
