<?xml version="1.0" encoding="UTF-8"?>
<!-- Generated by org.testng.reporters.JUnitReportReporter -->
<testsuite hostname="DESKTOP-H9JGRTT" failures="0" tests="2" name="com.cjc.dws.webApp.tests.HomePageTest" time="12.910" errors="0" timestamp="2022-11-04T15:22:17 IST" skipped="0">
  <testcase classname="com.cjc.dws.webApp.tests.HomePageTest" name="checkLogo" time="6.469"/>
  <system-out/>
  <testcase classname="com.cjc.dws.webApp.tests.HomePageTest" name="clickOnLogin" time="6.441"/>
  <system-out/>
</testsuite> <!-- com.cjc.dws.webApp.tests.HomePageTest -->
