<?xml version="1.0" encoding="UTF-8"?>
<!-- Generated by org.testng.reporters.JUnitReportReporter -->
<testsuite hostname="DESKTOP-H9JGRTT" failures="0" tests="1" name="com.cjc.dws.webApp.tests.SignOnTest" time="7.412" errors="0" timestamp="2022-11-04T18:07:15 IST" skipped="0">
  <testcase classname="com.cjc.dws.webApp.tests.SignOnTest" name="userLogin" time="7.412"/>
  <system-out/>
</testsuite> <!-- com.cjc.dws.webApp.tests.SignOnTest -->
